<?xml version="1.0" encoding="UTF-8"?>
<!-- Generated by org.testng.reporters.JUnitXMLReporter -->
<testsuite hostname="GCCPHXDT179427" ignored="0" name="Test" tests="5" failures="0" timestamp="09 Dec 2019 13:49:54 GMT" time="76.13" errors="0">
  <testcase name="verifyorganizationnamefieldtest" time="0.104" classname="com.orangehrm.qa.testcases.Adminpagetest"/>
  <testcase name="savegeneralinformationtest" time="1.976" classname="com.orangehrm.qa.testcases.Adminpagetest"/>
  <testcase name="savegeneralinformationtestnew" time="1.359" classname="com.orangehrm.qa.testcases.Adminpagetest"/>
  <testcase name="savegeneralinformationtestnew" time="1.473" classname="com.orangehrm.qa.testcases.Adminpagetest"/>
  <testcase name="savegeneralinformationtestnew" time="1.367" classname="com.orangehrm.qa.testcases.Adminpagetest"/>
</testsuite> <!-- Test -->
