<?xml version="1.0" encoding="UTF-8"?>
<!-- Generated by org.testng.reporters.JUnitXMLReporter -->
<testsuite hostname="GCCPHXDT179427" ignored="0" name="Test" tests="5" failures="0" timestamp="09 Dec 2019 08:42:19 GMT" time="70.976" errors="0">
  <testcase name="verifyorganizationnamefieldtest" time="0.159" classname="com.orangehrm.qa.testcases.Adminpagetest"/>
  <testcase name="savegeneralinformationtest" time="1.764" classname="com.orangehrm.qa.testcases.Adminpagetest"/>
  <testcase name="savegeneralinformationtestnew" time="1.378" classname="com.orangehrm.qa.testcases.Adminpagetest"/>
  <testcase name="savegeneralinformationtestnew" time="1.486" classname="com.orangehrm.qa.testcases.Adminpagetest"/>
  <testcase name="savegeneralinformationtestnew" time="1.503" classname="com.orangehrm.qa.testcases.Adminpagetest"/>
</testsuite> <!-- Test -->
